  VM.cpp
D:\Documents\Cpp projects\lox3\Expression\include\Exceptions.h(15,25): warning C4251: 'antlr4::RuntimeException::_message': class 'std::basic_string<char,std::char_traits<char>,std::allocator<char>>' needs to have dll-interface to be used by clients of class 'antlr4::RuntimeException'
C:\Program Files (x86)\Microsoft Visual Studio\2019\Community\VC\Tools\MSVC\14.28.29910\include\xstring(4648): message : see declaration of 'std::basic_string<char,std::char_traits<char>,std::allocator<char>>'
D:\Documents\Cpp projects\lox3\Expression\include\Exceptions.h(75,25): warning C4251: 'antlr4::IOException::_message': class 'std::basic_string<char,std::char_traits<char>,std::allocator<char>>' needs to have dll-interface to be used by clients of class 'antlr4::IOException'
C:\Program Files (x86)\Microsoft Visual Studio\2019\Community\VC\Tools\MSVC\14.28.29910\include\xstring(4648): message : see declaration of 'std::basic_string<char,std::char_traits<char>,std::allocator<char>>'
D:\Documents\Cpp projects\lox3\Expression\include\IntStream.h(47,49): warning C4251: 'antlr4::IntStream::UNKNOWN_SOURCE_NAME': class 'std::basic_string<char,std::char_traits<char>,std::allocator<char>>' needs to have dll-interface to be used by clients of class 'antlr4::IntStream'
C:\Program Files (x86)\Microsoft Visual Studio\2019\Community\VC\Tools\MSVC\14.28.29910\include\xstring(4648): message : see declaration of 'std::basic_string<char,std::char_traits<char>,std::allocator<char>>'
D:\Documents\Cpp projects\lox3\Expression\include\ANTLRInputStream.h(19,22): warning C4251: 'antlr4::ANTLRInputStream::_data': class 'std::basic_string<int,std::char_traits<int>,std::allocator<int>>' needs to have dll-interface to be used by clients of class 'antlr4::ANTLRInputStream'
D:\Documents\Cpp projects\lox3\Expression\include\antlr4-common.h(66): message : see declaration of 'std::basic_string<int,std::char_traits<int>,std::allocator<int>>'
D:\Documents\Cpp projects\lox3\Expression\include\ANTLRInputStream.h(26,21): warning C4251: 'antlr4::ANTLRInputStream::name': class 'std::basic_string<char,std::char_traits<char>,std::allocator<char>>' needs to have dll-interface to be used by clients of class 'antlr4::ANTLRInputStream'
C:\Program Files (x86)\Microsoft Visual Studio\2019\Community\VC\Tools\MSVC\14.28.29910\include\xstring(4648): message : see declaration of 'std::basic_string<char,std::char_traits<char>,std::allocator<char>>'
D:\Documents\Cpp projects\lox3\Expression\include\ANTLRFileStream.h(27,26): warning C4251: 'antlr4::ANTLRFileStream::_fileName': class 'std::basic_string<char,std::char_traits<char>,std::allocator<char>>' needs to have dll-interface to be used by clients of class 'antlr4::ANTLRFileStream'
C:\Program Files (x86)\Microsoft Visual Studio\2019\Community\VC\Tools\MSVC\14.28.29910\include\xstring(4648): message : see declaration of 'std::basic_string<char,std::char_traits<char>,std::allocator<char>>'
D:\Documents\Cpp projects\lox3\Expression\include\misc\IntervalSet.h(33,37): warning C4251: 'antlr4::misc::IntervalSet::_intervals': class 'std::vector<antlr4::misc::Interval,std::allocator<antlr4::misc::Interval>>' needs to have dll-interface to be used by clients of class 'antlr4::misc::IntervalSet'
D:\Documents\Cpp projects\lox3\Expression\include\misc\IntervalSet.h(33): message : see declaration of 'std::vector<antlr4::misc::Interval,std::allocator<antlr4::misc::Interval>>'
D:\Documents\Cpp projects\lox3\Expression\include\DefaultErrorStrategy.h(462,54): warning C4251: 'antlr4::DefaultErrorStrategy::_errorSymbols': class 'std::vector<std::unique_ptr<antlr4::Token,std::default_delete<antlr4::Token>>,std::allocator<std::unique_ptr<antlr4::Token,std::default_delete<antlr4::Token>>>>' needs to have dll-interface to be used by clients of class 'antlr4::DefaultErrorStrategy'
D:\Documents\Cpp projects\lox3\Expression\include\DefaultErrorStrategy.h(462): message : see declaration of 'std::vector<std::unique_ptr<antlr4::Token,std::default_delete<antlr4::Token>>,std::allocator<std::unique_ptr<antlr4::Token,std::default_delete<antlr4::Token>>>>'
D:\Documents\Cpp projects\lox3\Expression\include\BufferedTokenStream.h(108,48): warning C4251: 'antlr4::BufferedTokenStream::_tokens': class 'std::vector<std::unique_ptr<antlr4::Token,std::default_delete<antlr4::Token>>,std::allocator<std::unique_ptr<antlr4::Token,std::default_delete<antlr4::Token>>>>' needs to have dll-interface to be used by clients of class 'antlr4::BufferedTokenStream'
D:\Documents\Cpp projects\lox3\Expression\include\DefaultErrorStrategy.h(462): message : see declaration of 'std::vector<std::unique_ptr<antlr4::Token,std::default_delete<antlr4::Token>>,std::allocator<std::unique_ptr<antlr4::Token,std::default_delete<antlr4::Token>>>>'
D:\Documents\Cpp projects\lox3\Expression\include\CommonToken.h(18,69): warning C4251: 'antlr4::CommonToken::EMPTY_SOURCE': struct 'std::pair<antlr4::TokenSource *,antlr4::CharStream *>' needs to have dll-interface to be used by clients of class 'antlr4::CommonToken'
D:\Documents\Cpp projects\lox3\Expression\include\CommonToken.h(18): message : see declaration of 'std::pair<antlr4::TokenSource *,antlr4::CharStream *>'
D:\Documents\Cpp projects\lox3\Expression\include\CommonToken.h(53,51): warning C4251: 'antlr4::CommonToken::_source': struct 'std::pair<antlr4::TokenSource *,antlr4::CharStream *>' needs to have dll-interface to be used by clients of class 'antlr4::CommonToken'
D:\Documents\Cpp projects\lox3\Expression\include\CommonToken.h(18): message : see declaration of 'std::pair<antlr4::TokenSource *,antlr4::CharStream *>'
D:\Documents\Cpp projects\lox3\Expression\include\CommonToken.h(61,22): warning C4251: 'antlr4::CommonToken::_text': class 'std::basic_string<char,std::char_traits<char>,std::allocator<char>>' needs to have dll-interface to be used by clients of class 'antlr4::CommonToken'
C:\Program Files (x86)\Microsoft Visual Studio\2019\Community\VC\Tools\MSVC\14.28.29910\include\xstring(4648): message : see declaration of 'std::basic_string<char,std::char_traits<char>,std::allocator<char>>'
D:\Documents\Cpp projects\lox3\Expression\include\CommonTokenFactory.h(25,68): warning C4251: 'antlr4::CommonTokenFactory::DEFAULT': class 'std::unique_ptr<antlr4::TokenFactory<antlr4::CommonToken>,std::default_delete<antlr4::TokenFactory<antlr4::CommonToken>>>' needs to have dll-interface to be used by clients of class 'antlr4::CommonTokenFactory'
D:\Documents\Cpp projects\lox3\Expression\include\CommonTokenFactory.h(25): message : see declaration of 'std::unique_ptr<antlr4::TokenFactory<antlr4::CommonToken>,std::default_delete<antlr4::TokenFactory<antlr4::CommonToken>>>'
D:\Documents\Cpp projects\lox3\Expression\include\FailedPredicateException.h(29,27): warning C4251: 'antlr4::FailedPredicateException::_predicate': class 'std::basic_string<char,std::char_traits<char>,std::allocator<char>>' needs to have dll-interface to be used by clients of class 'antlr4::FailedPredicateException'
C:\Program Files (x86)\Microsoft Visual Studio\2019\Community\VC\Tools\MSVC\14.28.29910\include\xstring(4648): message : see declaration of 'std::basic_string<char,std::char_traits<char>,std::allocator<char>>'
D:\Documents\Cpp projects\lox3\Expression\include\tree\ParseTree.h(38,38): warning C4251: 'antlr4::tree::ParseTree::children': class 'std::vector<antlr4::tree::ParseTree *,std::allocator<antlr4::tree::ParseTree *>>' needs to have dll-interface to be used by clients of class 'antlr4::tree::ParseTree'
D:\Documents\Cpp projects\lox3\Expression\include\tree\ParseTree.h(38): message : see declaration of 'std::vector<antlr4::tree::ParseTree *,std::allocator<antlr4::tree::ParseTree *>>'
D:\Documents\Cpp projects\lox3\Expression\include\tree\ParseTree.h(97,40): warning C4251: 'antlr4::tree::ParseTreeTracker::_allocated': class 'std::vector<antlr4::tree::ParseTree *,std::allocator<antlr4::tree::ParseTree *>>' needs to have dll-interface to be used by clients of class 'antlr4::tree::ParseTreeTracker'
D:\Documents\Cpp projects\lox3\Expression\include\tree\ParseTree.h(38): message : see declaration of 'std::vector<antlr4::tree::ParseTree *,std::allocator<antlr4::tree::ParseTree *>>'
D:\Documents\Cpp projects\lox3\Expression\include\ParserRuleContext.h(66,33): warning C4251: 'antlr4::ParserRuleContext::exception': class 'std::exception_ptr' needs to have dll-interface to be used by clients of class 'antlr4::ParserRuleContext'
C:\Program Files (x86)\Microsoft Visual Studio\2019\Community\VC\Tools\MSVC\14.28.29910\include\exception(214): message : see declaration of 'std::exception_ptr'
D:\Documents\Cpp projects\lox3\Expression\include\ProxyErrorListener.h(18,46): warning C4251: 'antlr4::ProxyErrorListener::_delegates': class 'std::set<antlr4::ANTLRErrorListener *,std::less<antlr4::ANTLRErrorListener *>,std::allocator<antlr4::ANTLRErrorListener *>>' needs to have dll-interface to be used by clients of class 'antlr4::ProxyErrorListener'
D:\Documents\Cpp projects\lox3\Expression\include\ProxyErrorListener.h(18): message : see declaration of 'std::set<antlr4::ANTLRErrorListener *,std::less<antlr4::ANTLRErrorListener *>,std::allocator<antlr4::ANTLRErrorListener *>>'
D:\Documents\Cpp projects\lox3\Expression\include\Recognizer.h(156,22): warning C4251: 'antlr4::Recognizer::_mutex': class 'std::mutex' needs to have dll-interface to be used by clients of class 'antlr4::Recognizer'
C:\Program Files (x86)\Microsoft Visual Studio\2019\Community\VC\Tools\MSVC\14.28.29910\include\mutex(87): message : see declaration of 'std::mutex'
D:\Documents\Cpp projects\lox3\Expression\include\Recognizer.h(159,94): warning C4251: 'antlr4::Recognizer::_tokenTypeMapCache': class 'std::map<const antlr4::dfa::Vocabulary *,std::map<std::string,size_t,std::less<std::string>,std::allocator<std::pair<const std::string,size_t>>>,std::less<const antlr4::dfa::Vocabulary *>,std::allocator<std::pair<const antlr4::dfa::Vocabulary *const ,std::map<std::string,size_t,std::less<std::string>,std::allocator<std::pair<const std::string,size_t>>>>>>' needs to have dll-interface to be used by clients of class 'antlr4::Recognizer'
D:\Documents\Cpp projects\lox3\Expression\include\Recognizer.h(159): message : see declaration of 'std::map<const antlr4::dfa::Vocabulary *,std::map<std::string,size_t,std::less<std::string>,std::allocator<std::pair<const std::string,size_t>>>,std::less<const antlr4::dfa::Vocabulary *>,std::allocator<std::pair<const antlr4::dfa::Vocabulary *const ,std::map<std::string,size_t,std::less<std::string>,std::allocator<std::pair<const std::string,size_t>>>>>>'
D:\Documents\Cpp projects\lox3\Expression\include\Recognizer.h(160,96): warning C4251: 'antlr4::Recognizer::_ruleIndexMapCache': class 'std::map<std::vector<std::string,std::allocator<std::string>>,std::map<std::string,size_t,std::less<std::string>,std::allocator<std::pair<const std::string,size_t>>>,std::less<std::vector<std::string,std::allocator<std::string>>>,std::allocator<std::pair<const std::vector<std::string,std::allocator<std::string>>,std::map<std::string,size_t,std::less<std::string>,std::allocator<std::pair<const std::string,size_t>>>>>>' needs to have dll-interface to be used by clients of class 'antlr4::Recognizer'
D:\Documents\Cpp projects\lox3\Expression\include\Recognizer.h(160): message : see declaration of 'std::map<std::vector<std::string,std::allocator<std::string>>,std::map<std::string,size_t,std::less<std::string>,std::allocator<std::pair<const std::string,size_t>>>,std::less<std::vector<std::string,std::allocator<std::string>>>,std::allocator<std::pair<const std::vector<std::string,std::allocator<std::string>>,std::map<std::string,size_t,std::less<std::string>,std::allocator<std::pair<const std::string,size_t>>>>>>'
D:\Documents\Cpp projects\lox3\Expression\include\Lexer.h(61,33): warning C4251: 'antlr4::Lexer::token': class 'std::unique_ptr<antlr4::Token,std::default_delete<antlr4::Token>>' needs to have dll-interface to be used by clients of class 'antlr4::Lexer'
D:\Documents\Cpp projects\lox3\Expression\include\DefaultErrorStrategy.h(462): message : see declaration of 'std::unique_ptr<antlr4::Token,std::default_delete<antlr4::Token>>'
D:\Documents\Cpp projects\lox3\Expression\include\Lexer.h(88,34): warning C4251: 'antlr4::Lexer::modeStack': class 'std::vector<size_t,std::allocator<size_t>>' needs to have dll-interface to be used by clients of class 'antlr4::Lexer'
D:\Documents\Cpp projects\lox3\Expression\include\BufferedTokenStream.h(60): message : see declaration of 'std::vector<size_t,std::allocator<size_t>>'
D:\Documents\Cpp projects\lox3\Expression\include\Lexer.h(202,22): warning C4251: 'antlr4::Lexer::_text': class 'std::basic_string<char,std::char_traits<char>,std::allocator<char>>' needs to have dll-interface to be used by clients of class 'antlr4::Lexer'
C:\Program Files (x86)\Microsoft Visual Studio\2019\Community\VC\Tools\MSVC\14.28.29910\include\xstring(4648): message : see declaration of 'std::basic_string<char,std::char_traits<char>,std::allocator<char>>'
D:\Documents\Cpp projects\lox3\Expression\include\atn\ATN.h(29,35): warning C4251: 'antlr4::atn::ATN::states': class 'std::vector<antlr4::atn::ATNState *,std::allocator<antlr4::atn::ATNState *>>' needs to have dll-interface to be used by clients of class 'antlr4::atn::ATN'
D:\Documents\Cpp projects\lox3\Expression\include\atn\ATN.h(29): message : see declaration of 'std::vector<antlr4::atn::ATNState *,std::allocator<antlr4::atn::ATNState *>>'
D:\Documents\Cpp projects\lox3\Expression\include\atn\ATN.h(34,49): warning C4251: 'antlr4::atn::ATN::decisionToState': class 'std::vector<antlr4::atn::DecisionState *,std::allocator<antlr4::atn::DecisionState *>>' needs to have dll-interface to be used by clients of class 'antlr4::atn::ATN'
D:\Documents\Cpp projects\lox3\Expression\include\atn\ATN.h(34): message : see declaration of 'std::vector<antlr4::atn::DecisionState *,std::allocator<antlr4::atn::DecisionState *>>'
D:\Documents\Cpp projects\lox3\Expression\include\atn\ATN.h(37,51): warning C4251: 'antlr4::atn::ATN::ruleToStartState': class 'std::vector<antlr4::atn::RuleStartState *,std::allocator<antlr4::atn::RuleStartState *>>' needs to have dll-interface to be used by clients of class 'antlr4::atn::ATN'
D:\Documents\Cpp projects\lox3\Expression\include\atn\ATN.h(37): message : see declaration of 'std::vector<antlr4::atn::RuleStartState *,std::allocator<antlr4::atn::RuleStartState *>>'
D:\Documents\Cpp projects\lox3\Expression\include\atn\ATN.h(40,49): warning C4251: 'antlr4::atn::ATN::ruleToStopState': class 'std::vector<antlr4::atn::RuleStopState *,std::allocator<antlr4::atn::RuleStopState *>>' needs to have dll-interface to be used by clients of class 'antlr4::atn::ATN'
D:\Documents\Cpp projects\lox3\Expression\include\atn\ATN.h(40): message : see declaration of 'std::vector<antlr4::atn::RuleStopState *,std::allocator<antlr4::atn::RuleStopState *>>'
D:\Documents\Cpp projects\lox3\Expression\include\atn\ATN.h(55,40): warning C4251: 'antlr4::atn::ATN::ruleToTokenType': class 'std::vector<size_t,std::allocator<size_t>>' needs to have dll-interface to be used by clients of class 'antlr4::atn::ATN'
D:\Documents\Cpp projects\lox3\Expression\include\BufferedTokenStream.h(60): message : see declaration of 'std::vector<size_t,std::allocator<size_t>>'
D:\Documents\Cpp projects\lox3\Expression\include\atn\ATN.h(59,47): warning C4251: 'antlr4::atn::ATN::lexerActions': class 'std::vector<std::shared_ptr<antlr4::atn::LexerAction>,std::allocator<std::shared_ptr<antlr4::atn::LexerAction>>>' needs to have dll-interface to be used by clients of class 'antlr4::atn::ATN'
D:\Documents\Cpp projects\lox3\Expression\include\atn\ATN.h(59): message : see declaration of 'std::vector<std::shared_ptr<antlr4::atn::LexerAction>,std::allocator<std::shared_ptr<antlr4::atn::LexerAction>>>'
D:\Documents\Cpp projects\lox3\Expression\include\atn\ATN.h(61,53): warning C4251: 'antlr4::atn::ATN::modeToStartState': class 'std::vector<antlr4::atn::TokensStartState *,std::allocator<antlr4::atn::TokensStartState *>>' needs to have dll-interface to be used by clients of class 'antlr4::atn::ATN'
D:\Documents\Cpp projects\lox3\Expression\include\atn\ATN.h(61): message : see declaration of 'std::vector<antlr4::atn::TokensStartState *,std::allocator<antlr4::atn::TokensStartState *>>'
D:\Documents\Cpp projects\lox3\Expression\include\atn\ATN.h(114,30): warning C4251: 'antlr4::atn::ATN::_mutex': class 'std::mutex' needs to have dll-interface to be used by clients of class 'antlr4::atn::ATN'
C:\Program Files (x86)\Microsoft Visual Studio\2019\Community\VC\Tools\MSVC\14.28.29910\include\mutex(87): message : see declaration of 'std::mutex'
D:\Documents\Cpp projects\lox3\Expression\include\atn\ATNState.h(110,61): warning C4251: 'antlr4::atn::ATNState::serializationNames': class 'std::vector<std::string,std::allocator<std::string>>' needs to have dll-interface to be used by clients of class 'antlr4::atn::ATNState'
D:\Documents\Cpp projects\lox3\Expression\include\misc\IntervalSet.h(157): message : see declaration of 'std::vector<std::string,std::allocator<std::string>>'
D:\Documents\Cpp projects\lox3\Expression\include\atn\ATNState.h(121,41): warning C4251: 'antlr4::atn::ATNState::transitions': class 'std::vector<antlr4::atn::Transition *,std::allocator<antlr4::atn::Transition *>>' needs to have dll-interface to be used by clients of class 'antlr4::atn::ATNState'
D:\Documents\Cpp projects\lox3\Expression\include\atn\ATNState.h(121): message : see declaration of 'std::vector<antlr4::atn::Transition *,std::allocator<antlr4::atn::Transition *>>'
D:\Documents\Cpp projects\lox3\Expression\include\atn\ATNState.h(134,41): warning C4251: 'antlr4::atn::ATNState::_nextTokenUpdated': struct 'std::atomic<bool>' needs to have dll-interface to be used by clients of class 'antlr4::atn::ATNState'
C:\Program Files (x86)\Microsoft Visual Studio\2019\Community\VC\Tools\MSVC\14.28.29910\include\atomic(2777): message : see declaration of 'std::atomic<bool>'
D:\Documents\Cpp projects\lox3\Expression\include\atn\PredictionContext.h(25,46): warning C4251: 'antlr4::atn::PredictionContext::EMPTY': class 'std::shared_ptr<antlr4::atn::PredictionContext>' needs to have dll-interface to be used by clients of class 'antlr4::atn::PredictionContext'
D:\Documents\Cpp projects\lox3\Expression\include\antlr4-common.h(139): message : see declaration of 'std::shared_ptr<antlr4::atn::PredictionContext>'
D:\Documents\Cpp projects\lox3\Expression\include\Vocabulary.h(185,49): warning C4251: 'antlr4::dfa::Vocabulary::_literalNames': class 'std::vector<std::string,std::allocator<std::string>>' needs to have dll-interface to be used by clients of class 'antlr4::dfa::Vocabulary'
D:\Documents\Cpp projects\lox3\Expression\include\misc\IntervalSet.h(157): message : see declaration of 'std::vector<std::string,std::allocator<std::string>>'
D:\Documents\Cpp projects\lox3\Expression\include\Vocabulary.h(186,50): warning C4251: 'antlr4::dfa::Vocabulary::_symbolicNames': class 'std::vector<std::string,std::allocator<std::string>>' needs to have dll-interface to be used by clients of class 'antlr4::dfa::Vocabulary'
D:\Documents\Cpp projects\lox3\Expression\include\misc\IntervalSet.h(157): message : see declaration of 'std::vector<std::string,std::allocator<std::string>>'
D:\Documents\Cpp projects\lox3\Expression\include\Vocabulary.h(187,49): warning C4251: 'antlr4::dfa::Vocabulary::_displayNames': class 'std::vector<std::string,std::allocator<std::string>>' needs to have dll-interface to be used by clients of class 'antlr4::dfa::Vocabulary'
D:\Documents\Cpp projects\lox3\Expression\include\misc\IntervalSet.h(157): message : see declaration of 'std::vector<std::string,std::allocator<std::string>>'
D:\Documents\Cpp projects\lox3\Expression\include\LexerInterpreter.h(36,39): warning C4251: 'antlr4::LexerInterpreter::_grammarFileName': class 'std::basic_string<char,std::char_traits<char>,std::allocator<char>>' needs to have dll-interface to be used by clients of class 'antlr4::LexerInterpreter'
C:\Program Files (x86)\Microsoft Visual Studio\2019\Community\VC\Tools\MSVC\14.28.29910\include\xstring(4648): message : see declaration of 'std::basic_string<char,std::char_traits<char>,std::allocator<char>>'
D:\Documents\Cpp projects\lox3\Expression\include\LexerInterpreter.h(40,41): warning C4251: 'antlr4::LexerInterpreter::_tokenNames': class 'std::vector<std::string,std::allocator<std::string>>' needs to have dll-interface to be used by clients of class 'antlr4::LexerInterpreter'
D:\Documents\Cpp projects\lox3\Expression\include\misc\IntervalSet.h(157): message : see declaration of 'std::vector<std::string,std::allocator<std::string>>'
D:\Documents\Cpp projects\lox3\Expression\include\LexerInterpreter.h(44,41): warning C4251: 'antlr4::LexerInterpreter::_decisionToDFA': class 'std::vector<antlr4::dfa::DFA,std::allocator<antlr4::dfa::DFA>>' needs to have dll-interface to be used by clients of class 'antlr4::LexerInterpreter'
D:\Documents\Cpp projects\lox3\Expression\include\LexerInterpreter.h(44): message : see declaration of 'std::vector<antlr4::dfa::DFA,std::allocator<antlr4::dfa::DFA>>'
D:\Documents\Cpp projects\lox3\Expression\include\LexerInterpreter.h(46,52): warning C4251: 'antlr4::LexerInterpreter::_sharedContextCache': class 'std::unordered_set<std::shared_ptr<antlr4::atn::PredictionContext>,antlr4::atn::PredictionContextHasher,antlr4::atn::PredictionContextComparer,std::allocator<std::shared_ptr<antlr4::atn::PredictionContext>>>' needs to have dll-interface to be used by clients of class 'antlr4::LexerInterpreter'
D:\Documents\Cpp projects\lox3\Expression\include\atn\PredictionContext.h(19): message : see declaration of 'std::unordered_set<std::shared_ptr<antlr4::atn::PredictionContext>,antlr4::atn::PredictionContextHasher,antlr4::atn::PredictionContextComparer,std::allocator<std::shared_ptr<antlr4::atn::PredictionContext>>>'
D:\Documents\Cpp projects\lox3\Expression\include\atn\ATNConfigSet.h(19,40): warning C4251: 'antlr4::atn::ATNConfigSet::configs': class 'std::vector<std::shared_ptr<antlr4::atn::ATNConfig>,std::allocator<std::shared_ptr<antlr4::atn::ATNConfig>>>' needs to have dll-interface to be used by clients of class 'antlr4::atn::ATNConfigSet'
D:\Documents\Cpp projects\lox3\Expression\include\atn\ATNConfigSet.h(19): message : see declaration of 'std::vector<std::shared_ptr<antlr4::atn::ATNConfig>,std::allocator<std::shared_ptr<antlr4::atn::ATNConfig>>>'
D:\Documents\Cpp projects\lox3\Expression\include\atn\ATNConfigSet.h(104,58): warning C4251: 'antlr4::atn::ATNConfigSet::_configLookup': class 'std::unordered_map<size_t,antlr4::atn::ATNConfig *,std::hash<size_t>,std::equal_to<size_t>,std::allocator<std::pair<const size_t,antlr4::atn::ATNConfig *>>>' needs to have dll-interface to be used by clients of class 'antlr4::atn::ATNConfigSet'
D:\Documents\Cpp projects\lox3\Expression\include\atn\ATNConfigSet.h(104): message : see declaration of 'std::unordered_map<size_t,antlr4::atn::ATNConfig *,std::hash<size_t>,std::equal_to<size_t>,std::allocator<std::pair<const size_t,antlr4::atn::ATNConfig *>>>'
D:\Documents\Cpp projects\lox3\Expression\include\ListTokenSource.h(23,47): warning C4251: 'antlr4::ListTokenSource::tokens': class 'std::vector<std::unique_ptr<antlr4::Token,std::default_delete<antlr4::Token>>,std::allocator<std::unique_ptr<antlr4::Token,std::default_delete<antlr4::Token>>>>' needs to have dll-interface to be used by clients of class 'antlr4::ListTokenSource'
D:\Documents\Cpp projects\lox3\Expression\include\DefaultErrorStrategy.h(462): message : see declaration of 'std::vector<std::unique_ptr<antlr4::Token,std::default_delete<antlr4::Token>>,std::allocator<std::unique_ptr<antlr4::Token,std::default_delete<antlr4::Token>>>>'
D:\Documents\Cpp projects\lox3\Expression\include\ListTokenSource.h(32,33): warning C4251: 'antlr4::ListTokenSource::sourceName': class 'std::basic_string<char,std::char_traits<char>,std::allocator<char>>' needs to have dll-interface to be used by clients of class 'antlr4::ListTokenSource'
C:\Program Files (x86)\Microsoft Visual Studio\2019\Community\VC\Tools\MSVC\14.28.29910\include\xstring(4648): message : see declaration of 'std::basic_string<char,std::char_traits<char>,std::allocator<char>>'
D:\Documents\Cpp projects\lox3\Expression\include\NoViableAltException.h(32,43): warning C4251: 'antlr4::NoViableAltException::_deadEndConfigs': class 'std::shared_ptr<antlr4::atn::ATNConfigSet>' needs to have dll-interface to be used by clients of class 'antlr4::NoViableAltException'
D:\Documents\Cpp projects\lox3\Expression\include\antlr4-common.h(139): message : see declaration of 'std::shared_ptr<antlr4::atn::ATNConfigSet>'
D:\Documents\Cpp projects\lox3\Expression\include\Parser.h(412,40): warning C4251: 'antlr4::Parser::_errHandler': class 'std::shared_ptr<antlr4::ANTLRErrorStrategy>' needs to have dll-interface to be used by clients of class 'antlr4::Parser'
D:\Documents\Cpp projects\lox3\Expression\include\antlr4-common.h(139): message : see declaration of 'std::shared_ptr<antlr4::ANTLRErrorStrategy>'
D:\Documents\Cpp projects\lox3\Expression\include\Parser.h(421,38): warning C4251: 'antlr4::Parser::_precedenceStack': class 'std::vector<int,std::allocator<int>>' needs to have dll-interface to be used by clients of class 'antlr4::Parser'
D:\Documents\Cpp projects\lox3\Expression\Chunk.h(35): message : see declaration of 'std::vector<int,std::allocator<int>>'
D:\Documents\Cpp projects\lox3\Expression\include\Parser.h(434,59): warning C4251: 'antlr4::Parser::_parseListeners': class 'std::vector<antlr4::tree::ParseTreeListener *,std::allocator<antlr4::tree::ParseTreeListener *>>' needs to have dll-interface to be used by clients of class 'antlr4::Parser'
D:\Documents\Cpp projects\lox3\Expression\include\Parser.h(128): message : see declaration of 'std::vector<antlr4::tree::ParseTreeListener *,std::allocator<antlr4::tree::ParseTreeListener *>>'
D:\Documents\Cpp projects\lox3\Expression\include\Parser.h(455,72): warning C4251: 'antlr4::Parser::bypassAltsAtnCache': class 'std::map<std::vector<uint16_t,std::allocator<uint16_t>>,antlr4::atn::ATN,std::less<std::vector<uint16_t,std::allocator<uint16_t>>>,std::allocator<std::pair<const std::vector<uint16_t,std::allocator<uint16_t>>,antlr4::atn::ATN>>>' needs to have dll-interface to be used by clients of class 'antlr4::Parser'
D:\Documents\Cpp projects\lox3\Expression\include\Parser.h(455): message : see declaration of 'std::map<std::vector<uint16_t,std::allocator<uint16_t>>,antlr4::atn::ATN,std::less<std::vector<uint16_t,std::allocator<uint16_t>>>,std::allocator<std::pair<const std::vector<uint16_t,std::allocator<uint16_t>>,antlr4::atn::ATN>>>'
D:\Documents\Cpp projects\lox3\Expression\include\ParserInterpreter.h(112,39): warning C4251: 'antlr4::ParserInterpreter::_grammarFileName': class 'std::basic_string<char,std::char_traits<char>,std::allocator<char>>' needs to have dll-interface to be used by clients of class 'antlr4::ParserInterpreter'
C:\Program Files (x86)\Microsoft Visual Studio\2019\Community\VC\Tools\MSVC\14.28.29910\include\xstring(4648): message : see declaration of 'std::basic_string<char,std::char_traits<char>,std::allocator<char>>'
D:\Documents\Cpp projects\lox3\Expression\include\ParserInterpreter.h(113,41): warning C4251: 'antlr4::ParserInterpreter::_tokenNames': class 'std::vector<std::string,std::allocator<std::string>>' needs to have dll-interface to be used by clients of class 'antlr4::ParserInterpreter'
D:\Documents\Cpp projects\lox3\Expression\include\misc\IntervalSet.h(157): message : see declaration of 'std::vector<std::string,std::allocator<std::string>>'
D:\Documents\Cpp projects\lox3\Expression\include\ParserInterpreter.h(116,40): warning C4251: 'antlr4::ParserInterpreter::_ruleNames': class 'std::vector<std::string,std::allocator<std::string>>' needs to have dll-interface to be used by clients of class 'antlr4::ParserInterpreter'
D:\Documents\Cpp projects\lox3\Expression\include\misc\IntervalSet.h(157): message : see declaration of 'std::vector<std::string,std::allocator<std::string>>'
D:\Documents\Cpp projects\lox3\Expression\include\ParserInterpreter.h(118,41): warning C4251: 'antlr4::ParserInterpreter::_decisionToDFA': class 'std::vector<antlr4::dfa::DFA,std::allocator<antlr4::dfa::DFA>>' needs to have dll-interface to be used by clients of class 'antlr4::ParserInterpreter'
D:\Documents\Cpp projects\lox3\Expression\include\LexerInterpreter.h(44): message : see declaration of 'std::vector<antlr4::dfa::DFA,std::allocator<antlr4::dfa::DFA>>'
D:\Documents\Cpp projects\lox3\Expression\include\ParserInterpreter.h(119,52): warning C4251: 'antlr4::ParserInterpreter::_sharedContextCache': class 'std::unordered_set<std::shared_ptr<antlr4::atn::PredictionContext>,antlr4::atn::PredictionContextHasher,antlr4::atn::PredictionContextComparer,std::allocator<std::shared_ptr<antlr4::atn::PredictionContext>>>' needs to have dll-interface to be used by clients of class 'antlr4::ParserInterpreter'
D:\Documents\Cpp projects\lox3\Expression\include\atn\PredictionContext.h(19): message : see declaration of 'std::unordered_set<std::shared_ptr<antlr4::atn::PredictionContext>,antlr4::atn::PredictionContextHasher,antlr4::atn::PredictionContextComparer,std::allocator<std::shared_ptr<antlr4::atn::PredictionContext>>>'
D:\Documents\Cpp projects\lox3\Expression\include\ParserInterpreter.h(134,75): warning C4251: 'antlr4::ParserInterpreter::_parentContextStack': class 'std::stack<std::pair<antlr4::ParserRuleContext *,size_t>,std::deque<std::pair<antlr4::ParserRuleContext *,size_t>,std::allocator<std::pair<antlr4::ParserRuleContext *,size_t>>>>' needs to have dll-interface to be used by clients of class 'antlr4::ParserInterpreter'
D:\Documents\Cpp projects\lox3\Expression\include\ParserInterpreter.h(134): message : see declaration of 'std::stack<std::pair<antlr4::ParserRuleContext *,size_t>,std::deque<std::pair<antlr4::ParserRuleContext *,size_t>,std::allocator<std::pair<antlr4::ParserRuleContext *,size_t>>>>'
D:\Documents\Cpp projects\lox3\Expression\include\ParserInterpreter.h(148,54): warning C4251: 'antlr4::ParserInterpreter::_overrideDecisionRoot': class 'std::shared_ptr<antlr4::InterpreterRuleContext>' needs to have dll-interface to be used by clients of class 'antlr4::ParserInterpreter'
D:\Documents\Cpp projects\lox3\Expression\include\antlr4-common.h(139): message : see declaration of 'std::shared_ptr<antlr4::InterpreterRuleContext>'
D:\Documents\Cpp projects\lox3\Expression\include\ParserInterpreter.h(176,39): warning C4251: 'antlr4::ParserInterpreter::_errorToken': class 'std::unique_ptr<antlr4::Token,std::default_delete<antlr4::Token>>' needs to have dll-interface to be used by clients of class 'antlr4::ParserInterpreter'
D:\Documents\Cpp projects\lox3\Expression\include\DefaultErrorStrategy.h(462): message : see declaration of 'std::unique_ptr<antlr4::Token,std::default_delete<antlr4::Token>>'
D:\Documents\Cpp projects\lox3\Expression\include\RuntimeMetaData.h(72,37): warning C4251: 'antlr4::RuntimeMetaData::VERSION': class 'std::basic_string<char,std::char_traits<char>,std::allocator<char>>' needs to have dll-interface to be used by clients of class 'antlr4::RuntimeMetaData'
C:\Program Files (x86)\Microsoft Visual Studio\2019\Community\VC\Tools\MSVC\14.28.29910\include\xstring(4648): message : see declaration of 'std::basic_string<char,std::char_traits<char>,std::allocator<char>>'
D:\Documents\Cpp projects\lox3\Expression\include\TokenStreamRewriter.h(88,50): warning C4251: 'antlr4::TokenStreamRewriter::DEFAULT_PROGRAM_NAME': class 'std::basic_string<char,std::char_traits<char>,std::allocator<char>>' needs to have dll-interface to be used by clients of class 'antlr4::TokenStreamRewriter'
C:\Program Files (x86)\Microsoft Visual Studio\2019\Community\VC\Tools\MSVC\14.28.29910\include\xstring(4648): message : see declaration of 'std::basic_string<char,std::char_traits<char>,std::allocator<char>>'
D:\Documents\Cpp projects\lox3\Expression\include\TokenStreamRewriter.h(218,68): warning C4251: 'antlr4::TokenStreamRewriter::_programs': class 'std::map<std::string,std::vector<antlr4::TokenStreamRewriter::RewriteOperation *,std::allocator<antlr4::TokenStreamRewriter::RewriteOperation *>>,std::less<std::string>,std::allocator<std::pair<const std::string,std::vector<antlr4::TokenStreamRewriter::RewriteOperation *,std::allocator<antlr4::TokenStreamRewriter::RewriteOperation *>>>>>' needs to have dll-interface to be used by clients of class 'antlr4::TokenStreamRewriter'
D:\Documents\Cpp projects\lox3\Expression\include\TokenStreamRewriter.h(218): message : see declaration of 'std::map<std::string,std::vector<antlr4::TokenStreamRewriter::RewriteOperation *,std::allocator<antlr4::TokenStreamRewriter::RewriteOperation *>>,std::less<std::string>,std::allocator<std::pair<const std::string,std::vector<antlr4::TokenStreamRewriter::RewriteOperation *,std::allocator<antlr4::TokenStreamRewriter::RewriteOperation *>>>>>'
D:\Documents\Cpp projects\lox3\Expression\include\TokenStreamRewriter.h(222,59): warning C4251: 'antlr4::TokenStreamRewriter::_lastRewriteTokenIndexes': class 'std::map<std::string,size_t,std::less<std::string>,std::allocator<std::pair<const std::string,size_t>>>' needs to have dll-interface to be used by clients of class 'antlr4::TokenStreamRewriter'
D:\Documents\Cpp projects\lox3\Expression\include\support\CPPUtils.h(13): message : see declaration of 'std::map<std::string,size_t,std::less<std::string>,std::allocator<std::pair<const std::string,size_t>>>'
D:\Documents\Cpp projects\lox3\Expression\include\UnbufferedCharStream.h(19,21): warning C4251: 'antlr4::UnbufferedCharStream::name': class 'std::basic_string<char,std::char_traits<char>,std::allocator<char>>' needs to have dll-interface to be used by clients of class 'antlr4::UnbufferedCharStream'
C:\Program Files (x86)\Microsoft Visual Studio\2019\Community\VC\Tools\MSVC\14.28.29910\include\xstring(4648): message : see declaration of 'std::basic_string<char,std::char_traits<char>,std::allocator<char>>'
D:\Documents\Cpp projects\lox3\Expression\include\UnbufferedCharStream.h(59,25): warning C4251: 'antlr4::UnbufferedCharStream::_data': class 'std::basic_string<char32_t,std::char_traits<char32_t>,std::allocator<char32_t>>' needs to have dll-interface to be used by clients of class 'antlr4::UnbufferedCharStream'
C:\Program Files (x86)\Microsoft Visual Studio\2019\Community\VC\Tools\MSVC\14.28.29910\include\xstring(4654): message : see declaration of 'std::basic_string<char32_t,std::char_traits<char32_t>,std::allocator<char32_t>>'
D:\Documents\Cpp projects\lox3\Expression\include\UnbufferedTokenStream.h(60,48): warning C4251: 'antlr4::UnbufferedTokenStream::_tokens': class 'std::vector<std::unique_ptr<antlr4::Token,std::default_delete<antlr4::Token>>,std::allocator<std::unique_ptr<antlr4::Token,std::default_delete<antlr4::Token>>>>' needs to have dll-interface to be used by clients of class 'antlr4::UnbufferedTokenStream'
D:\Documents\Cpp projects\lox3\Expression\include\DefaultErrorStrategy.h(462): message : see declaration of 'std::vector<std::unique_ptr<antlr4::Token,std::default_delete<antlr4::Token>>,std::allocator<std::unique_ptr<antlr4::Token,std::default_delete<antlr4::Token>>>>'
D:\Documents\Cpp projects\lox3\Expression\include\atn\ATNConfig.h(48,35): warning C4251: 'antlr4::atn::ATNConfig::context': class 'std::shared_ptr<antlr4::atn::PredictionContext>' needs to have dll-interface to be used by clients of class 'antlr4::atn::ATNConfig'
D:\Documents\Cpp projects\lox3\Expression\include\antlr4-common.h(139): message : see declaration of 'std::shared_ptr<antlr4::atn::PredictionContext>'
D:\Documents\Cpp projects\lox3\Expression\include\atn\ATNConfig.h(76,41): warning C4251: 'antlr4::atn::ATNConfig::semanticContext': class 'std::shared_ptr<antlr4::atn::SemanticContext>' needs to have dll-interface to be used by clients of class 'antlr4::atn::ATNConfig'
D:\Documents\Cpp projects\lox3\Expression\include\antlr4-common.h(139): message : see declaration of 'std::shared_ptr<antlr4::atn::SemanticContext>'
D:\Documents\Cpp projects\lox3\Expression\include\atn\ATNSerializer.h(55,41): warning C4251: 'antlr4::atn::ATNSerializer::_tokenNames': class 'std::vector<std::string,std::allocator<std::string>>' needs to have dll-interface to be used by clients of class 'antlr4::atn::ATNSerializer'
D:\Documents\Cpp projects\lox3\Expression\include\misc\IntervalSet.h(157): message : see declaration of 'std::vector<std::string,std::allocator<std::string>>'
D:\Documents\Cpp projects\lox3\Expression\include\atn\ATNSimulator.h(19,42): warning C4251: 'antlr4::atn::ATNSimulator::ERROR': class 'std::shared_ptr<antlr4::dfa::DFAState>' needs to have dll-interface to be used by clients of class 'antlr4::atn::ATNSimulator'
D:\Documents\Cpp projects\lox3\Expression\include\antlr4-common.h(139): message : see declaration of 'std::shared_ptr<antlr4::dfa::DFAState>'
D:\Documents\Cpp projects\lox3\Expression\include\atn\ATNSimulator.h(59,60): warning C4251: 'antlr4::atn::ATNSimulator::_stateLock': class 'antlrcpp::SingleWriteMultipleReadLock' needs to have dll-interface to be used by clients of class 'antlr4::atn::ATNSimulator'
D:\Documents\Cpp projects\lox3\Expression\include\support\CPPUtils.h(65): message : see declaration of 'antlrcpp::SingleWriteMultipleReadLock'
D:\Documents\Cpp projects\lox3\Expression\include\atn\ATNSimulator.h(60,59): warning C4251: 'antlr4::atn::ATNSimulator::_edgeLock': class 'antlrcpp::SingleWriteMultipleReadLock' needs to have dll-interface to be used by clients of class 'antlr4::atn::ATNSimulator'
D:\Documents\Cpp projects\lox3\Expression\include\support\CPPUtils.h(65): message : see declaration of 'antlrcpp::SingleWriteMultipleReadLock'
D:\Documents\Cpp projects\lox3\Expression\include\atn\Transition.h(42,61): warning C4251: 'antlr4::atn::Transition::serializationNames': class 'std::vector<std::string,std::allocator<std::string>>' needs to have dll-interface to be used by clients of class 'antlr4::atn::Transition'
D:\Documents\Cpp projects\lox3\Expression\include\misc\IntervalSet.h(157): message : see declaration of 'std::vector<std::string,std::allocator<std::string>>'
D:\Documents\Cpp projects\lox3\Expression\include\atn\ArrayPredictionContext.h(23,54): warning C4251: 'antlr4::atn::ArrayPredictionContext::parents': class 'std::vector<std::shared_ptr<antlr4::atn::PredictionContext>,std::allocator<std::shared_ptr<antlr4::atn::PredictionContext>>>' needs to have dll-interface to be used by clients of class 'antlr4::atn::ArrayPredictionContext'
D:\Documents\Cpp projects\lox3\Expression\include\atn\PredictionContext.h(100): message : see declaration of 'std::vector<std::shared_ptr<antlr4::atn::PredictionContext>,std::allocator<std::shared_ptr<antlr4::atn::PredictionContext>>>'
D:\Documents\Cpp projects\lox3\Expression\include\atn\ArrayPredictionContext.h(26,43): warning C4251: 'antlr4::atn::ArrayPredictionContext::returnStates': class 'std::vector<size_t,std::allocator<size_t>>' needs to have dll-interface to be used by clients of class 'antlr4::atn::ArrayPredictionContext'
D:\Documents\Cpp projects\lox3\Expression\include\BufferedTokenStream.h(60): message : see declaration of 'std::vector<size_t,std::allocator<size_t>>'
D:\Documents\Cpp projects\lox3\Expression\include\atn\PredicateEvalInfo.h(23,38): warning C4251: 'antlr4::atn::PredicateEvalInfo::semctx': class 'std::shared_ptr<antlr4::atn::SemanticContext>' needs to have dll-interface to be used by clients of class 'antlr4::atn::PredicateEvalInfo'
D:\Documents\Cpp projects\lox3\Expression\include\antlr4-common.h(139): message : see declaration of 'std::shared_ptr<antlr4::atn::SemanticContext>'
D:\Documents\Cpp projects\lox3\Expression\include\atn\DecisionInfo.h(84,45): warning C4251: 'antlr4::atn::DecisionInfo::SLL_MaxLookEvent': class 'std::shared_ptr<antlr4::atn::LookaheadEventInfo>' needs to have dll-interface to be used by clients of class 'antlr4::atn::DecisionInfo'
D:\Documents\Cpp projects\lox3\Expression\include\antlr4-common.h(139): message : see declaration of 'std::shared_ptr<antlr4::atn::LookaheadEventInfo>'
D:\Documents\Cpp projects\lox3\Expression\include\atn\DecisionInfo.h(115,44): warning C4251: 'antlr4::atn::DecisionInfo::LL_MaxLookEvent': class 'std::shared_ptr<antlr4::atn::LookaheadEventInfo>' needs to have dll-interface to be used by clients of class 'antlr4::atn::DecisionInfo'
D:\Documents\Cpp projects\lox3\Expression\include\antlr4-common.h(139): message : see declaration of 'std::shared_ptr<antlr4::atn::LookaheadEventInfo>'
D:\Documents\Cpp projects\lox3\Expression\include\atn\DecisionInfo.h(122,61): warning C4251: 'antlr4::atn::DecisionInfo::contextSensitivities': class 'std::vector<antlr4::atn::ContextSensitivityInfo,std::allocator<antlr4::atn::ContextSensitivityInfo>>' needs to have dll-interface to be used by clients of class 'antlr4::atn::DecisionInfo'
D:\Documents\Cpp projects\lox3\Expression\include\atn\DecisionInfo.h(122): message : see declaration of 'std::vector<antlr4::atn::ContextSensitivityInfo,std::allocator<antlr4::atn::ContextSensitivityInfo>>'
D:\Documents\Cpp projects\lox3\Expression\include\atn\DecisionInfo.h(130,34): warning C4251: 'antlr4::atn::DecisionInfo::errors': class 'std::vector<antlr4::atn::ErrorInfo,std::allocator<antlr4::atn::ErrorInfo>>' needs to have dll-interface to be used by clients of class 'antlr4::atn::DecisionInfo'
D:\Documents\Cpp projects\lox3\Expression\include\atn\DecisionInfo.h(130): message : see declaration of 'std::vector<antlr4::atn::ErrorInfo,std::allocator<antlr4::atn::ErrorInfo>>'
D:\Documents\Cpp projects\lox3\Expression\include\atn\DecisionInfo.h(137,43): warning C4251: 'antlr4::atn::DecisionInfo::ambiguities': class 'std::vector<antlr4::atn::AmbiguityInfo,std::allocator<antlr4::atn::AmbiguityInfo>>' needs to have dll-interface to be used by clients of class 'antlr4::atn::DecisionInfo'
D:\Documents\Cpp projects\lox3\Expression\include\atn\DecisionInfo.h(137): message : see declaration of 'std::vector<antlr4::atn::AmbiguityInfo,std::allocator<antlr4::atn::AmbiguityInfo>>'
D:\Documents\Cpp projects\lox3\Expression\include\atn\DecisionInfo.h(145,50): warning C4251: 'antlr4::atn::DecisionInfo::predicateEvals': class 'std::vector<antlr4::atn::PredicateEvalInfo,std::allocator<antlr4::atn::PredicateEvalInfo>>' needs to have dll-interface to be used by clients of class 'antlr4::atn::DecisionInfo'
D:\Documents\Cpp projects\lox3\Expression\include\atn\DecisionInfo.h(145): message : see declaration of 'std::vector<antlr4::atn::PredicateEvalInfo,std::allocator<antlr4::atn::PredicateEvalInfo>>'
D:\Documents\Cpp projects\lox3\Expression\include\atn\SingletonPredictionContext.h(20,40): warning C4251: 'antlr4::atn::SingletonPredictionContext::parent': class 'std::shared_ptr<antlr4::atn::PredictionContext>' needs to have dll-interface to be used by clients of class 'antlr4::atn::SingletonPredictionContext'
D:\Documents\Cpp projects\lox3\Expression\include\antlr4-common.h(139): message : see declaration of 'std::shared_ptr<antlr4::atn::PredictionContext>'
D:\Documents\Cpp projects\lox3\Expression\include\atn\LexerATNConfig.h(37,56): warning C4251: 'antlr4::atn::LexerATNConfig::_lexerActionExecutor': class 'std::shared_ptr<antlr4::atn::LexerActionExecutor>' needs to have dll-interface to be used by clients of class 'antlr4::atn::LexerATNConfig'
D:\Documents\Cpp projects\lox3\Expression\include\antlr4-common.h(139): message : see declaration of 'std::shared_ptr<antlr4::atn::LexerActionExecutor>'
D:\Documents\Cpp projects\lox3\Expression\include\atn\LexerATNSimulator.h(89,25): warning C4251: 'antlr4::atn::LexerATNSimulator::_prevAccept': class 'antlr4::atn::LexerATNSimulator::SimState' needs to have dll-interface to be used by clients of class 'antlr4::atn::LexerATNSimulator'
D:\Documents\Cpp projects\lox3\Expression\include\atn\LexerATNSimulator.h(18): message : see declaration of 'antlr4::atn::LexerATNSimulator::SimState'
D:\Documents\Cpp projects\lox3\Expression\include\atn\LexerActionExecutor.h(20,105): warning C4251: 'std::enable_shared_from_this<antlr4::atn::LexerActionExecutor>::_Wptr': class 'std::weak_ptr<_Ty>' needs to have dll-interface to be used by clients of class 'std::enable_shared_from_this<antlr4::atn::LexerActionExecutor>'
          with
          [
              _Ty=antlr4::atn::LexerActionExecutor
          ]
C:\Program Files (x86)\Microsoft Visual Studio\2019\Community\VC\Tools\MSVC\14.28.29910\include\memory(3238): message : see declaration of 'std::weak_ptr<_Ty>'
          with
          [
              _Ty=antlr4::atn::LexerActionExecutor
          ]
D:\Documents\Cpp projects\lox3\Expression\include\atn\LexerActionExecutor.h(105,54): warning C4251: 'antlr4::atn::LexerActionExecutor::_lexerActions': class 'std::vector<std::shared_ptr<antlr4::atn::LexerAction>,std::allocator<std::shared_ptr<antlr4::atn::LexerAction>>>' needs to have dll-interface to be used by clients of class 'antlr4::atn::LexerActionExecutor'
D:\Documents\Cpp projects\lox3\Expression\include\atn\ATN.h(59): message : see declaration of 'std::vector<std::shared_ptr<antlr4::atn::LexerAction>,std::allocator<std::shared_ptr<antlr4::atn::LexerAction>>>'
D:\Documents\Cpp projects\lox3\Expression\include\atn\LexerIndexedCustomAction.h(77,35): warning C4251: 'antlr4::atn::LexerIndexedCustomAction::_action': class 'std::shared_ptr<antlr4::atn::LexerAction>' needs to have dll-interface to be used by clients of class 'antlr4::atn::LexerIndexedCustomAction'
D:\Documents\Cpp projects\lox3\Expression\include\antlr4-common.h(139): message : see declaration of 'std::shared_ptr<antlr4::atn::LexerAction>'
D:\Documents\Cpp projects\lox3\Expression\include\dfa\DFAState.h(56,47): warning C4251: 'antlr4::dfa::DFAState::configs': class 'std::unique_ptr<antlr4::atn::ATNConfigSet,std::default_delete<antlr4::atn::ATNConfigSet>>' needs to have dll-interface to be used by clients of class 'antlr4::dfa::DFAState'
D:\Documents\Cpp projects\lox3\Expression\include\atn\LexerATNSimulator.h(148): message : see declaration of 'std::unique_ptr<antlr4::atn::ATNConfigSet,std::default_delete<antlr4::atn::ATNConfigSet>>'
D:\Documents\Cpp projects\lox3\Expression\include\dfa\DFAState.h(62,49): warning C4251: 'antlr4::dfa::DFAState::edges': class 'std::unordered_map<size_t,antlr4::dfa::DFAState *,std::hash<size_t>,std::equal_to<size_t>,std::allocator<std::pair<const size_t,antlr4::dfa::DFAState *>>>' needs to have dll-interface to be used by clients of class 'antlr4::dfa::DFAState'
D:\Documents\Cpp projects\lox3\Expression\include\dfa\DFAState.h(62): message : see declaration of 'std::unordered_map<size_t,antlr4::dfa::DFAState *,std::hash<size_t>,std::equal_to<size_t>,std::allocator<std::pair<const size_t,antlr4::dfa::DFAState *>>>'
D:\Documents\Cpp projects\lox3\Expression\include\dfa\DFAState.h(71,54): warning C4251: 'antlr4::dfa::DFAState::lexerActionExecutor': class 'std::shared_ptr<antlr4::atn::LexerActionExecutor>' needs to have dll-interface to be used by clients of class 'antlr4::dfa::DFAState'
D:\Documents\Cpp projects\lox3\Expression\include\antlr4-common.h(139): message : see declaration of 'std::shared_ptr<antlr4::atn::LexerActionExecutor>'
D:\Documents\Cpp projects\lox3\Expression\include\dfa\DFAState.h(94,45): warning C4251: 'antlr4::dfa::DFAState::predicates': class 'std::vector<antlr4::dfa::DFAState::PredPrediction *,std::allocator<antlr4::dfa::DFAState::PredPrediction *>>' needs to have dll-interface to be used by clients of class 'antlr4::dfa::DFAState'
D:\Documents\Cpp projects\lox3\Expression\include\dfa\DFAState.h(94): message : see declaration of 'std::vector<antlr4::dfa::DFAState::PredPrediction *,std::allocator<antlr4::dfa::DFAState::PredPrediction *>>'
D:\Documents\Cpp projects\lox3\Expression\include\atn\SemanticContext.h(20,97): warning C4251: 'std::enable_shared_from_this<antlr4::atn::SemanticContext>::_Wptr': class 'std::weak_ptr<_Ty>' needs to have dll-interface to be used by clients of class 'std::enable_shared_from_this<antlr4::atn::SemanticContext>'
          with
          [
              _Ty=antlr4::atn::SemanticContext
          ]
C:\Program Files (x86)\Microsoft Visual Studio\2019\Community\VC\Tools\MSVC\14.28.29910\include\memory(3238): message : see declaration of 'std::weak_ptr<_Ty>'
          with
          [
              _Ty=antlr4::atn::SemanticContext
          ]
D:\Documents\Cpp projects\lox3\Expression\include\atn\SemanticContext.h(44,43): warning C4251: 'antlr4::atn::SemanticContext::NONE': class 'std::shared_ptr<antlr4::atn::SemanticContext>' needs to have dll-interface to be used by clients of class 'antlr4::atn::SemanticContext'
D:\Documents\Cpp projects\lox3\Expression\include\antlr4-common.h(139): message : see declaration of 'std::shared_ptr<antlr4::atn::SemanticContext>'
D:\Documents\Cpp projects\lox3\Expression\include\atn\SemanticContext.h(167,44): warning C4251: 'antlr4::atn::SemanticContext::AND::opnds': class 'std::vector<std::shared_ptr<antlr4::atn::SemanticContext>,std::allocator<std::shared_ptr<antlr4::atn::SemanticContext>>>' needs to have dll-interface to be used by clients of class 'antlr4::atn::SemanticContext::AND'
D:\Documents\Cpp projects\lox3\Expression\include\atn\ATNConfigSet.h(72): message : see declaration of 'std::vector<std::shared_ptr<antlr4::atn::SemanticContext>,std::allocator<std::shared_ptr<antlr4::atn::SemanticContext>>>'
D:\Documents\Cpp projects\lox3\Expression\include\atn\SemanticContext.h(190,44): warning C4251: 'antlr4::atn::SemanticContext::OR::opnds': class 'std::vector<std::shared_ptr<antlr4::atn::SemanticContext>,std::allocator<std::shared_ptr<antlr4::atn::SemanticContext>>>' needs to have dll-interface to be used by clients of class 'antlr4::atn::SemanticContext::OR'
D:\Documents\Cpp projects\lox3\Expression\include\atn\ATNConfigSet.h(72): message : see declaration of 'std::vector<std::shared_ptr<antlr4::atn::SemanticContext>,std::allocator<std::shared_ptr<antlr4::atn::SemanticContext>>>'
D:\Documents\Cpp projects\lox3\Expression\include\atn\ParserATNSimulator.h(382,43): warning C4251: 'antlr4::atn::ParserATNSimulator::mergeCache': class 'antlr4::atn::PredictionContextMergeCache' needs to have dll-interface to be used by clients of class 'antlr4::atn::ParserATNSimulator'
D:\Documents\Cpp projects\lox3\Expression\include\atn\PredictionContext.h(247): message : see declaration of 'antlr4::atn::PredictionContextMergeCache'
D:\Documents\Cpp projects\lox3\Expression\include\atn\ProfilingATNSimulator.h(24,41): warning C4251: 'antlr4::atn::ProfilingATNSimulator::_decisions': class 'std::vector<antlr4::atn::DecisionInfo,std::allocator<antlr4::atn::DecisionInfo>>' needs to have dll-interface to be used by clients of class 'antlr4::atn::ProfilingATNSimulator'
D:\Documents\Cpp projects\lox3\Expression\include\atn\ParseInfo.h(31): message : see declaration of 'std::vector<antlr4::atn::DecisionInfo,std::allocator<antlr4::atn::DecisionInfo>>'
D:\Documents\Cpp projects\lox3\Expression\include\dfa\DFA.h(24,80): warning C4251: 'antlr4::dfa::DFA::states': class 'std::unordered_set<antlr4::dfa::DFAState *,antlr4::dfa::DFAState::Hasher,antlr4::dfa::DFAState::Comparer,std::allocator<antlr4::dfa::DFAState *>>' needs to have dll-interface to be used by clients of class 'antlr4::dfa::DFA'
D:\Documents\Cpp projects\lox3\Expression\include\dfa\DFA.h(24): message : see declaration of 'std::unordered_set<antlr4::dfa::DFAState *,antlr4::dfa::DFAState::Hasher,antlr4::dfa::DFAState::Comparer,std::allocator<antlr4::dfa::DFAState *>>'
D:\Documents\Cpp projects\lox3\Expression\include\tree\ParseTreeProperty.h(46,26): warning C4251: 'antlr4::tree::ParseTreeProperty<V>::_annotations': class 'std::map<antlr4::tree::ParseTree*,V,std::less<antlr4::tree::ParseTree *>,std::allocator<std::pair<antlr4::tree::ParseTree*const ,V>>>' needs to have dll-interface to be used by clients of class 'antlr4::tree::ParseTreeProperty<V>'
D:\Documents\Cpp projects\lox3\Expression\include\tree\ParseTreeProperty.h(46): message : see declaration of 'std::map<antlr4::tree::ParseTree*,V,std::less<antlr4::tree::ParseTree *>,std::allocator<std::pair<antlr4::tree::ParseTree*const ,V>>>'
D:\Documents\Cpp projects\lox3\Expression\include\tree\ParseTreeProperty.h(47): message : see reference to class template instantiation 'antlr4::tree::ParseTreeProperty<V>' being compiled
D:\Documents\Cpp projects\lox3\Expression\include\tree\pattern\ParseTreeMatch.h(24,60): warning C4251: 'antlr4::tree::pattern::ParseTreeMatch::_labels': class 'std::map<std::string,std::vector<antlr4::tree::ParseTree *,std::allocator<antlr4::tree::ParseTree *>>,std::less<std::string>,std::allocator<std::pair<const std::string,std::vector<antlr4::tree::ParseTree *,std::allocator<antlr4::tree::ParseTree *>>>>>' needs to have dll-interface to be used by clients of class 'antlr4::tree::pattern::ParseTreeMatch'
D:\Documents\Cpp projects\lox3\Expression\include\tree\pattern\ParseTreeMatch.h(24): message : see declaration of 'std::map<std::string,std::vector<antlr4::tree::ParseTree *,std::allocator<antlr4::tree::ParseTree *>>,std::less<std::string>,std::allocator<std::pair<const std::string,std::vector<antlr4::tree::ParseTree *,std::allocator<antlr4::tree::ParseTree *>>>>>'
D:\Documents\Cpp projects\lox3\Expression\include\tree\pattern\ParseTreePattern.h(94,31): warning C4251: 'antlr4::tree::pattern::ParseTreePattern::_pattern': class 'std::basic_string<char,std::char_traits<char>,std::allocator<char>>' needs to have dll-interface to be used by clients of class 'antlr4::tree::pattern::ParseTreePattern'
C:\Program Files (x86)\Microsoft Visual Studio\2019\Community\VC\Tools\MSVC\14.28.29910\include\xstring(4648): message : see declaration of 'std::basic_string<char,std::char_traits<char>,std::allocator<char>>'
D:\Documents\Cpp projects\lox3\Expression\include\tree\pattern\ParseTreePatternMatcher.h(160,23): warning C4251: 'antlr4::tree::pattern::ParseTreePatternMatcher::_start': class 'std::basic_string<char,std::char_traits<char>,std::allocator<char>>' needs to have dll-interface to be used by clients of class 'antlr4::tree::pattern::ParseTreePatternMatcher'
C:\Program Files (x86)\Microsoft Visual Studio\2019\Community\VC\Tools\MSVC\14.28.29910\include\xstring(4648): message : see declaration of 'std::basic_string<char,std::char_traits<char>,std::allocator<char>>'
D:\Documents\Cpp projects\lox3\Expression\include\tree\pattern\ParseTreePatternMatcher.h(161,22): warning C4251: 'antlr4::tree::pattern::ParseTreePatternMatcher::_stop': class 'std::basic_string<char,std::char_traits<char>,std::allocator<char>>' needs to have dll-interface to be used by clients of class 'antlr4::tree::pattern::ParseTreePatternMatcher'
C:\Program Files (x86)\Microsoft Visual Studio\2019\Community\VC\Tools\MSVC\14.28.29910\include\xstring(4648): message : see declaration of 'std::basic_string<char,std::char_traits<char>,std::allocator<char>>'
D:\Documents\Cpp projects\lox3\Expression\include\tree\pattern\ParseTreePatternMatcher.h(162,24): warning C4251: 'antlr4::tree::pattern::ParseTreePatternMatcher::_escape': class 'std::basic_string<char,std::char_traits<char>,std::allocator<char>>' needs to have dll-interface to be used by clients of class 'antlr4::tree::pattern::ParseTreePatternMatcher'
C:\Program Files (x86)\Microsoft Visual Studio\2019\Community\VC\Tools\MSVC\14.28.29910\include\xstring(4648): message : see declaration of 'std::basic_string<char,std::char_traits<char>,std::allocator<char>>'
D:\Documents\Cpp projects\lox3\Expression\include\tree\pattern\RuleTagToken.h(24,31): warning C4251: 'antlr4::tree::pattern::RuleTagToken::ruleName': class 'std::basic_string<char,std::char_traits<char>,std::allocator<char>>' needs to have dll-interface to be used by clients of class 'antlr4::tree::pattern::RuleTagToken'
C:\Program Files (x86)\Microsoft Visual Studio\2019\Community\VC\Tools\MSVC\14.28.29910\include\xstring(4648): message : see declaration of 'std::basic_string<char,std::char_traits<char>,std::allocator<char>>'
D:\Documents\Cpp projects\lox3\Expression\include\tree\pattern\RuleTagToken.h(31,28): warning C4251: 'antlr4::tree::pattern::RuleTagToken::label': class 'std::basic_string<char,std::char_traits<char>,std::allocator<char>>' needs to have dll-interface to be used by clients of class 'antlr4::tree::pattern::RuleTagToken'
C:\Program Files (x86)\Microsoft Visual Studio\2019\Community\VC\Tools\MSVC\14.28.29910\include\xstring(4648): message : see declaration of 'std::basic_string<char,std::char_traits<char>,std::allocator<char>>'
D:\Documents\Cpp projects\lox3\Expression\include\tree\pattern\TagChunk.h(77,27): warning C4251: 'antlr4::tree::pattern::TagChunk::_tag': class 'std::basic_string<char,std::char_traits<char>,std::allocator<char>>' needs to have dll-interface to be used by clients of class 'antlr4::tree::pattern::TagChunk'
C:\Program Files (x86)\Microsoft Visual Studio\2019\Community\VC\Tools\MSVC\14.28.29910\include\xstring(4648): message : see declaration of 'std::basic_string<char,std::char_traits<char>,std::allocator<char>>'
D:\Documents\Cpp projects\lox3\Expression\include\tree\pattern\TagChunk.h(81,29): warning C4251: 'antlr4::tree::pattern::TagChunk::_label': class 'std::basic_string<char,std::char_traits<char>,std::allocator<char>>' needs to have dll-interface to be used by clients of class 'antlr4::tree::pattern::TagChunk'
C:\Program Files (x86)\Microsoft Visual Studio\2019\Community\VC\Tools\MSVC\14.28.29910\include\xstring(4648): message : see declaration of 'std::basic_string<char,std::char_traits<char>,std::allocator<char>>'
D:\Documents\Cpp projects\lox3\Expression\include\tree\pattern\TextChunk.h(23,27): warning C4251: 'antlr4::tree::pattern::TextChunk::text': class 'std::basic_string<char,std::char_traits<char>,std::allocator<char>>' needs to have dll-interface to be used by clients of class 'antlr4::tree::pattern::TextChunk'
C:\Program Files (x86)\Microsoft Visual Studio\2019\Community\VC\Tools\MSVC\14.28.29910\include\xstring(4648): message : see declaration of 'std::basic_string<char,std::char_traits<char>,std::allocator<char>>'
D:\Documents\Cpp projects\lox3\Expression\include\tree\pattern\TokenTagToken.h(24,32): warning C4251: 'antlr4::tree::pattern::TokenTagToken::tokenName': class 'std::basic_string<char,std::char_traits<char>,std::allocator<char>>' needs to have dll-interface to be used by clients of class 'antlr4::tree::pattern::TokenTagToken'
C:\Program Files (x86)\Microsoft Visual Studio\2019\Community\VC\Tools\MSVC\14.28.29910\include\xstring(4648): message : see declaration of 'std::basic_string<char,std::char_traits<char>,std::allocator<char>>'
D:\Documents\Cpp projects\lox3\Expression\include\tree\pattern\TokenTagToken.h(28,28): warning C4251: 'antlr4::tree::pattern::TokenTagToken::label': class 'std::basic_string<char,std::char_traits<char>,std::allocator<char>>' needs to have dll-interface to be used by clients of class 'antlr4::tree::pattern::TokenTagToken'
C:\Program Files (x86)\Microsoft Visual Studio\2019\Community\VC\Tools\MSVC\14.28.29910\include\xstring(4648): message : see declaration of 'std::basic_string<char,std::char_traits<char>,std::allocator<char>>'
D:\Documents\Cpp projects\lox3\Expression\include\tree\xpath\XPath.h(58,38): warning C4251: 'antlr4::tree::xpath::XPath::WILDCARD': class 'std::basic_string<char,std::char_traits<char>,std::allocator<char>>' needs to have dll-interface to be used by clients of class 'antlr4::tree::xpath::XPath'
C:\Program Files (x86)\Microsoft Visual Studio\2019\Community\VC\Tools\MSVC\14.28.29910\include\xstring(4648): message : see declaration of 'std::basic_string<char,std::char_traits<char>,std::allocator<char>>'
D:\Documents\Cpp projects\lox3\Expression\include\tree\xpath\XPath.h(59,33): warning C4251: 'antlr4::tree::xpath::XPath::NOT': class 'std::basic_string<char,std::char_traits<char>,std::allocator<char>>' needs to have dll-interface to be used by clients of class 'antlr4::tree::xpath::XPath'
C:\Program Files (x86)\Microsoft Visual Studio\2019\Community\VC\Tools\MSVC\14.28.29910\include\xstring(4648): message : see declaration of 'std::basic_string<char,std::char_traits<char>,std::allocator<char>>'
D:\Documents\Cpp projects\lox3\Expression\include\tree\xpath\XPath.h(75,22): warning C4251: 'antlr4::tree::xpath::XPath::_path': class 'std::basic_string<char,std::char_traits<char>,std::allocator<char>>' needs to have dll-interface to be used by clients of class 'antlr4::tree::xpath::XPath'
C:\Program Files (x86)\Microsoft Visual Studio\2019\Community\VC\Tools\MSVC\14.28.29910\include\xstring(4648): message : see declaration of 'std::basic_string<char,std::char_traits<char>,std::allocator<char>>'
D:\Documents\Cpp projects\lox3\Expression\include\tree\xpath\XPathElement.h(34,26): warning C4251: 'antlr4::tree::xpath::XPathElement::_nodeName': class 'std::basic_string<char,std::char_traits<char>,std::allocator<char>>' needs to have dll-interface to be used by clients of class 'antlr4::tree::xpath::XPathElement'
C:\Program Files (x86)\Microsoft Visual Studio\2019\Community\VC\Tools\MSVC\14.28.29910\include\xstring(4648): message : see declaration of 'std::basic_string<char,std::char_traits<char>,std::allocator<char>>'
D:\Documents\Cpp projects\lox3\Expression\VM.cpp(129,49): warning C4244: 'argument': conversion from '__int64' to 'int', possible loss of data
D:\Documents\Cpp projects\lox3\Expression\VM.cpp(139,49): warning C4244: 'argument': conversion from '__int64' to 'int', possible loss of data
D:\Documents\Cpp projects\lox3\Expression\VM.cpp(194,16): warning C4834: discarding return value of function with 'nodiscard' attribute
D:\Documents\Cpp projects\lox3\Expression\VM.cpp(178): warning C4715: 'VM::run': not all control paths return a value
  Expression.vcxproj -> D:\Documents\Cpp projects\lox3\Expression\x64\Debug\Expression.exe
  Copies ANTLR DLL to output directory
  0 File(s) copied
